<?xml version="1.0" encoding="UTF-8"?>
<coverage generated="1611740000164" clover="3.2.0">
  <project timestamp="1611740000164" name="All files">
    <metrics statements="26" coveredstatements="25" conditionals="4" coveredconditionals="4" methods="5" coveredmethods="5" elements="35" coveredelements="34" complexity="0" loc="26" ncloc="26" packages="1" files="5" classes="5"/>
    <file name="arrayDuplicator.js" path="/Volumes/data/dev/sandbox/jest-learning/arrayDuplicator.js">
      <metrics statements="2" coveredstatements="2" conditionals="0" coveredconditionals="0" methods="1" coveredmethods="1"/>
      <line num="1" count="2" type="stmt"/>
      <line num="3" count="1" type="stmt"/>
    </file>
    <file name="capitalizeFirstChar.js" path="/Volumes/data/dev/sandbox/jest-learning/capitalizeFirstChar.js">
      <metrics statements="4" coveredstatements="4" conditionals="2" coveredconditionals="2" methods="1" coveredmethods="1"/>
      <line num="1" count="1" type="stmt"/>
      <line num="2" count="7" type="cond" truecount="2" falsecount="0"/>
      <line num="3" count="1" type="stmt"/>
      <line num="6" count="1" type="stmt"/>
    </file>
    <file name="dateFormatter.js" path="/Volumes/data/dev/sandbox/jest-learning/dateFormatter.js">
      <metrics statements="10" coveredstatements="10" conditionals="2" coveredconditionals="2" methods="1" coveredmethods="1"/>
      <line num="1" count="1" type="stmt"/>
      <line num="3" count="2" type="cond" truecount="2" falsecount="0"/>
      <line num="4" count="1" type="stmt"/>
      <line num="5" count="1" type="stmt"/>
      <line num="6" count="1" type="stmt"/>
      <line num="7" count="1" type="stmt"/>
      <line num="10" count="1" type="stmt"/>
      <line num="11" count="1" type="stmt"/>
      <line num="12" count="1" type="stmt"/>
      <line num="15" count="1" type="stmt"/>
    </file>
    <file name="fetchUser.js" path="/Volumes/data/dev/sandbox/jest-learning/fetchUser.js">
      <metrics statements="8" coveredstatements="7" conditionals="0" coveredconditionals="0" methods="1" coveredmethods="1"/>
      <line num="1" count="1" type="stmt"/>
      <line num="3" count="1" type="stmt"/>
      <line num="4" count="1" type="stmt"/>
      <line num="5" count="1" type="stmt"/>
      <line num="6" count="1" type="stmt"/>
      <line num="7" count="1" type="stmt"/>
      <line num="9" count="0" type="stmt"/>
      <line num="13" count="1" type="stmt"/>
    </file>
    <file name="sum.js" path="/Volumes/data/dev/sandbox/jest-learning/sum.js">
      <metrics statements="2" coveredstatements="2" conditionals="0" coveredconditionals="0" methods="1" coveredmethods="1"/>
      <line num="2" count="1" type="stmt"/>
      <line num="5" count="1" type="stmt"/>
    </file>
  </project>
</coverage>
